[ 22:57:19 ] (INFO)	- Scraper: Initializing scraper...
[ 22:57:19 ] (DEBUG)	- Scraper: Cookies enabled. (Default)
[ 22:57:19 ] (DEBUG)	- Scraper: Follow all redirects enabled. (Default)
[ 22:57:19 ] (INFO)	- Scraper(RoutineQueue): Starting routine: GetLinks
[ 22:57:19 ] (DEBUG)	- Scraper(performRequest): Setting up request parameters.
[ 22:57:19 ] (DEBUG)	- Scraper(performRequest): URI: http://www.compras.salvador.ba.gov.br/novo/
[ 22:57:19 ] (DEBUG)	- Scraper(performRequest): Method: POST
[ 22:57:19 ] (DEBUG)	- Scraper(performRequest): Form: 
[ 22:57:19 ] (DEBUG)	- Scraper(performRequest): Headers: 
[ 22:57:19 ] (DEBUG)	- Scraper(performRequest): Setting up request parameters completed.
[ 22:57:19 ] (INFO)	- Scraper: Request in 5s
[ 22:57:24 ] (INFO)	- Scraper(performRequest): Requesting URL: http://www.compras.salvador.ba.gov.br/novo/?secao=licitacao_busca (POST)
[ 22:57:25 ] (DEBUG)	- Scraper: Page charset found (utf-8). Start decoding...
[ 22:57:25 ] (DEBUG)	- Scraper: Finished decoding page.
[ 22:57:25 ] (INFO)	- Scraper(RoutineQueue): Finished routine: GetLinks
[ 22:57:25 ] (INFO)	- Scraper(RoutineQueue): Starting routine: GetDetails
[ 22:57:25 ] (DEBUG)	- Scraper(performRequest): Setting up request parameters.
[ 22:57:25 ] (DEBUG)	- Scraper(performRequest): URI: http://www.compras.salvador.ba.gov.br/novo/?secao=licitacao&lipr=001/2016&molp=4&orga=20.00
[ 22:57:25 ] (DEBUG)	- Scraper(performRequest): Method: GET
[ 22:57:25 ] (DEBUG)	- Scraper(performRequest): Form: 
[ 22:57:25 ] (DEBUG)	- Scraper(performRequest): Headers: 
[ 22:57:25 ] (DEBUG)	- Scraper(performRequest): Setting up request parameters completed.
[ 22:57:25 ] (INFO)	- Scraper: Request in 4s
[ 22:57:29 ] (INFO)	- Scraper(performRequest): Requesting URL: http://www.compras.salvador.ba.gov.br/novo/?secao=licitacao&lipr=001/2016&molp=4&orga=20.00 (GET)
[ 22:57:29 ] (DEBUG)	- Scraper: Page charset found (utf-8). Start decoding...
[ 22:57:29 ] (DEBUG)	- Scraper: Finished decoding page.
[ 22:57:29 ] (DEBUG)	- Scraper(performRequest): Setting up request parameters.
[ 22:57:29 ] (DEBUG)	- Scraper(performRequest): URI: http://www.compras.salvador.ba.gov.br/novo/?secao=licitacao&lipr=001/2016&molp=4&orga=06.00
[ 22:57:29 ] (DEBUG)	- Scraper(performRequest): Method: GET
[ 22:57:29 ] (DEBUG)	- Scraper(performRequest): Form: 
[ 22:57:29 ] (DEBUG)	- Scraper(performRequest): Headers: 
[ 22:57:29 ] (DEBUG)	- Scraper(performRequest): Setting up request parameters completed.
[ 22:57:29 ] (INFO)	- Scraper: Request in 3s
[ 22:57:33 ] (INFO)	- Scraper(performRequest): Requesting URL: http://www.compras.salvador.ba.gov.br/novo/?secao=licitacao&lipr=001/2016&molp=4&orga=06.00 (GET)
[ 22:57:33 ] (DEBUG)	- Scraper: Page charset found (utf-8). Start decoding...
[ 22:57:33 ] (DEBUG)	- Scraper: Finished decoding page.
